[debug] [2025-01-25T03:32:24.186Z] ----------------------------------------------------------------------
[debug] [2025-01-25T03:32:24.188Z] Command:       C:\Program Files\nodejs\node.exe C:\Users\kundz\AppData\Roaming\npm\node_modules\firebase-tools\lib\bin\firebase.js init
[debug] [2025-01-25T03:32:24.189Z] CLI Version:   13.29.2
[debug] [2025-01-25T03:32:24.189Z] Platform:      win32
[debug] [2025-01-25T03:32:24.189Z] Node Version:  v20.12.2
[debug] [2025-01-25T03:32:24.189Z] Time:          Sat Jan 25 2025 05:32:24 GMT+0200 (за східноєвропейським стандартним часом)
[debug] [2025-01-25T03:32:24.189Z] ----------------------------------------------------------------------
[debug] 
[debug] [2025-01-25T03:32:24.195Z] > command requires scopes: ["email","openid","https://www.googleapis.com/auth/cloudplatformprojects.readonly","https://www.googleapis.com/auth/firebase","https://www.googleapis.com/auth/cloud-platform"]
[debug] [2025-01-25T03:32:24.195Z] > authorizing via signed-in user (dist.zhenya@gmail.com)
[info] 
     ######## #### ########  ######## ########     ###     ######  ########
     ##        ##  ##     ## ##       ##     ##  ##   ##  ##       ##
     ######    ##  ########  ######   ########  #########  ######  ######
     ##        ##  ##    ##  ##       ##     ## ##     ##       ## ##
     ##       #### ##     ## ######## ########  ##     ##  ######  ########

You're about to initialize a Firebase project in this directory:

  C:\Users\kundz\OneDrive\Desktop\code

[info] 
=== Project Setup
[info] 
[info] First, let's associate this project directory with a Firebase project.
[info] You can create multiple project aliases by running firebase use --add, 
[info] but for now we'll just set up a default project.
[info] 
[debug] [2025-01-25T03:32:50.718Z] Checked if tokens are valid: true, expires at: 1737777146235
[debug] [2025-01-25T03:32:50.719Z] Checked if tokens are valid: true, expires at: 1737777146235
[debug] [2025-01-25T03:32:50.720Z] >>> [apiv2][query] GET https://firebase.googleapis.com/v1beta1/projects pageSize=100
[debug] [2025-01-25T03:32:51.311Z] <<< [apiv2][status] GET https://firebase.googleapis.com/v1beta1/projects 200
[debug] [2025-01-25T03:32:51.311Z] <<< [apiv2][body] GET https://firebase.googleapis.com/v1beta1/projects [omitted]
[info] i  Using project code-1002a (code) 
[info] 
=== Dataconnect Setup
[debug] [2025-01-25T03:32:54.590Z] Checked if tokens are valid: true, expires at: 1737777146235
[debug] [2025-01-25T03:32:54.590Z] Checked if tokens are valid: true, expires at: 1737777146235
[debug] [2025-01-25T03:32:54.590Z] >>> [apiv2][query] GET https://cloudbilling.googleapis.com/v1/projects/code-1002a/billingInfo [none]
[debug] [2025-01-25T03:32:55.397Z] <<< [apiv2][status] GET https://cloudbilling.googleapis.com/v1/projects/code-1002a/billingInfo 200
[debug] [2025-01-25T03:32:55.397Z] <<< [apiv2][body] GET https://cloudbilling.googleapis.com/v1/projects/code-1002a/billingInfo {"name":"projects/code-1002a/billingInfo","projectId":"code-1002a","billingAccountName":"","billingEnabled":false}
[info] i  dataconnect: ensuring required API sqladmin.googleapis.com is enabled... 
[debug] [2025-01-25T03:32:55.398Z] Checked if tokens are valid: true, expires at: 1737777146235
[debug] [2025-01-25T03:32:55.398Z] Checked if tokens are valid: true, expires at: 1737777146235
[debug] [2025-01-25T03:32:55.398Z] >>> [apiv2][query] GET https://serviceusage.googleapis.com/v1/projects/code-1002a/services/sqladmin.googleapis.com [none]
[debug] [2025-01-25T03:32:55.398Z] >>> [apiv2][(partial)header] GET https://serviceusage.googleapis.com/v1/projects/code-1002a/services/sqladmin.googleapis.com x-goog-quota-user=projects/code-1002a
[debug] [2025-01-25T03:32:56.404Z] <<< [apiv2][status] GET https://serviceusage.googleapis.com/v1/projects/code-1002a/services/sqladmin.googleapis.com 200
[debug] [2025-01-25T03:32:56.404Z] <<< [apiv2][body] GET https://serviceusage.googleapis.com/v1/projects/code-1002a/services/sqladmin.googleapis.com [omitted]
[warn] !  dataconnect: missing required API sqladmin.googleapis.com. Enabling now... 
[debug] [2025-01-25T03:32:56.405Z] Checked if tokens are valid: true, expires at: 1737777146235
[debug] [2025-01-25T03:32:56.405Z] Checked if tokens are valid: true, expires at: 1737777146235
[debug] [2025-01-25T03:32:56.405Z] >>> [apiv2][query] POST https://serviceusage.googleapis.com/v1/projects/code-1002a/services/sqladmin.googleapis.com:enable [none]
[debug] [2025-01-25T03:32:56.405Z] >>> [apiv2][(partial)header] POST https://serviceusage.googleapis.com/v1/projects/code-1002a/services/sqladmin.googleapis.com:enable x-goog-quota-user=projects/code-1002a
[debug] [2025-01-25T03:32:57.573Z] <<< [apiv2][status] POST https://serviceusage.googleapis.com/v1/projects/code-1002a/services/sqladmin.googleapis.com:enable 200
[debug] [2025-01-25T03:32:57.573Z] <<< [apiv2][body] POST https://serviceusage.googleapis.com/v1/projects/code-1002a/services/sqladmin.googleapis.com:enable [omitted]
[debug] [2025-01-25T03:33:07.589Z] Checked if tokens are valid: true, expires at: 1737777146235
[debug] [2025-01-25T03:33:07.589Z] Checked if tokens are valid: true, expires at: 1737777146235
[debug] [2025-01-25T03:33:07.589Z] >>> [apiv2][query] GET https://serviceusage.googleapis.com/v1/projects/code-1002a/services/sqladmin.googleapis.com [none]
[debug] [2025-01-25T03:33:07.589Z] >>> [apiv2][(partial)header] GET https://serviceusage.googleapis.com/v1/projects/code-1002a/services/sqladmin.googleapis.com x-goog-quota-user=projects/code-1002a
[debug] [2025-01-25T03:33:08.527Z] <<< [apiv2][status] GET https://serviceusage.googleapis.com/v1/projects/code-1002a/services/sqladmin.googleapis.com 200
[debug] [2025-01-25T03:33:08.528Z] <<< [apiv2][body] GET https://serviceusage.googleapis.com/v1/projects/code-1002a/services/sqladmin.googleapis.com [omitted]
[info] +  dataconnect: required API sqladmin.googleapis.com is enabled 
[info] +  Wrote dataconnect\dataconnect.yaml 
[info] +  Wrote dataconnect\schema\schema.gql 
[info] +  Wrote dataconnect\connector\connector.yaml 
[info] +  Wrote dataconnect\connector\queries.gql 
[info] +  Wrote dataconnect\connector\mutations.gql 
[info] i  If you'd like to add the generated SDK to your app your, run firebase init dataconnect:sdk 
[info] i  If you'd like to provision a CloudSQL Postgres instance on the Firebase Data Connect no-cost trial:
1. Please upgrade to the pay-as-you-go (Blaze) billing plan. Visit the following page:
     https://console.firebase.google.com/project/code-1002a/usage/details
2. Run firebase init dataconnect again to configure the Cloud SQL instance.
3. Run firebase deploy --only dataconnect to deploy your Data Connect service. 
[info] 
=== Firestore Setup
[debug] [2025-01-25T03:33:08.539Z] Checked if tokens are valid: true, expires at: 1737777146235
[debug] [2025-01-25T03:33:08.539Z] Checked if tokens are valid: true, expires at: 1737777146235
[debug] [2025-01-25T03:33:08.539Z] >>> [apiv2][query] GET https://serviceusage.googleapis.com/v1/projects/code-1002a/services/firestore.googleapis.com [none]
[debug] [2025-01-25T03:33:08.539Z] >>> [apiv2][(partial)header] GET https://serviceusage.googleapis.com/v1/projects/code-1002a/services/firestore.googleapis.com x-goog-quota-user=projects/code-1002a
[debug] [2025-01-25T03:33:09.420Z] <<< [apiv2][status] GET https://serviceusage.googleapis.com/v1/projects/code-1002a/services/firestore.googleapis.com 200
[debug] [2025-01-25T03:33:09.420Z] <<< [apiv2][body] GET https://serviceusage.googleapis.com/v1/projects/code-1002a/services/firestore.googleapis.com [omitted]
[debug] [2025-01-25T03:33:09.420Z] Checked if tokens are valid: true, expires at: 1737777146235
[debug] [2025-01-25T03:33:09.420Z] Checked if tokens are valid: true, expires at: 1737777146235
[debug] [2025-01-25T03:33:09.421Z] >>> [apiv2][query] GET https://firestore.googleapis.com/v1/projects/code-1002a/databases/(default) [none]
[debug] [2025-01-25T03:33:09.749Z] <<< [apiv2][status] GET https://firestore.googleapis.com/v1/projects/code-1002a/databases/(default) 200
[debug] [2025-01-25T03:33:09.749Z] <<< [apiv2][body] GET https://firestore.googleapis.com/v1/projects/code-1002a/databases/(default) {"name":"projects/code-1002a/databases/(default)","uid":"5e86578f-b668-4fbd-a874-89b90ecacade","createTime":"2025-01-25T03:26:56.403289Z","updateTime":"2025-01-25T03:26:56.403289Z","locationId":"eur3","type":"FIRESTORE_NATIVE","concurrencyMode":"PESSIMISTIC","versionRetentionPeriod":"3600s","earliestVersionTime":"2025-01-25T03:26:56.403289Z","appEngineIntegrationMode":"DISABLED","keyPrefix":"e","pointInTimeRecoveryEnablement":"POINT_IN_TIME_RECOVERY_DISABLED","deleteProtectionState":"DELETE_PROTECTION_DISABLED","databaseEdition":"STANDARD","etag":"ILPu4IT4j4sDMNnOwtL2j4sD"}
[debug] [2025-01-25T03:33:09.749Z] database_type: FIRESTORE_NATIVE
[debug] [2025-01-25T03:33:09.749Z] database_type: FIRESTORE_NATIVE
[debug] [2025-01-25T03:33:09.749Z] > command requires scopes: ["email","openid","https://www.googleapis.com/auth/cloudplatformprojects.readonly","https://www.googleapis.com/auth/firebase","https://www.googleapis.com/auth/cloud-platform"]
[debug] [2025-01-25T03:33:09.749Z] > authorizing via signed-in user (dist.zhenya@gmail.com)
[debug] [2025-01-25T03:33:09.749Z] [iam] checking project code-1002a for permissions ["firebase.projects.get"]
[debug] [2025-01-25T03:33:09.749Z] Checked if tokens are valid: true, expires at: 1737777146235
[debug] [2025-01-25T03:33:09.750Z] Checked if tokens are valid: true, expires at: 1737777146235
[debug] [2025-01-25T03:33:09.750Z] >>> [apiv2][query] POST https://cloudresourcemanager.googleapis.com/v1/projects/code-1002a:testIamPermissions [none]
[debug] [2025-01-25T03:33:09.750Z] >>> [apiv2][(partial)header] POST https://cloudresourcemanager.googleapis.com/v1/projects/code-1002a:testIamPermissions x-goog-quota-user=projects/code-1002a
[debug] [2025-01-25T03:33:09.750Z] >>> [apiv2][body] POST https://cloudresourcemanager.googleapis.com/v1/projects/code-1002a:testIamPermissions {"permissions":["firebase.projects.get"]}
[debug] [2025-01-25T03:33:10.594Z] <<< [apiv2][status] POST https://cloudresourcemanager.googleapis.com/v1/projects/code-1002a:testIamPermissions 200
[debug] [2025-01-25T03:33:10.594Z] <<< [apiv2][body] POST https://cloudresourcemanager.googleapis.com/v1/projects/code-1002a:testIamPermissions {"permissions":["firebase.projects.get"]}
[info] 
[info] Firestore Security Rules allow you to define how and when to allow
[info] requests. You can keep these rules in your project directory
[info] and publish them with firebase deploy.
[info] 
[debug] [2025-01-25T03:33:12.624Z] Checked if tokens are valid: true, expires at: 1737777146235
[debug] [2025-01-25T03:33:12.624Z] Checked if tokens are valid: true, expires at: 1737777146235
[debug] [2025-01-25T03:33:12.624Z] >>> [apiv2][query] GET https://firebaserules.googleapis.com/v1/projects/code-1002a/releases pageSize=10&pageToken=
[debug] [2025-01-25T03:33:13.470Z] <<< [apiv2][status] GET https://firebaserules.googleapis.com/v1/projects/code-1002a/releases 200
[debug] [2025-01-25T03:33:13.471Z] <<< [apiv2][body] GET https://firebaserules.googleapis.com/v1/projects/code-1002a/releases {"releases":[{"name":"projects/code-1002a/releases/cloud.firestore","rulesetName":"projects/code-1002a/rulesets/62993f7c-f4dc-4ff9-ad94-86760bf6df04","createTime":"2025-01-25T03:27:02.830195Z","updateTime":"2025-01-25T03:27:02.830195Z"}]}
[debug] [2025-01-25T03:33:13.471Z] Found ruleset: projects/code-1002a/rulesets/62993f7c-f4dc-4ff9-ad94-86760bf6df04
[debug] [2025-01-25T03:33:13.471Z] Checked if tokens are valid: true, expires at: 1737777146235
[debug] [2025-01-25T03:33:13.471Z] Checked if tokens are valid: true, expires at: 1737777146235
[debug] [2025-01-25T03:33:13.471Z] >>> [apiv2][query] GET https://firebaserules.googleapis.com/v1/projects/code-1002a/rulesets/62993f7c-f4dc-4ff9-ad94-86760bf6df04 [none]
[debug] [2025-01-25T03:33:14.166Z] <<< [apiv2][status] GET https://firebaserules.googleapis.com/v1/projects/code-1002a/rulesets/62993f7c-f4dc-4ff9-ad94-86760bf6df04 200
[debug] [2025-01-25T03:33:14.166Z] <<< [apiv2][body] GET https://firebaserules.googleapis.com/v1/projects/code-1002a/rulesets/62993f7c-f4dc-4ff9-ad94-86760bf6df04 [omitted]
[info] 
[info] Firestore indexes allow you to perform complex queries while
[info] maintaining performance that scales with the size of the result
[info] set. You can keep index definitions in your project directory
[info] and publish them with firebase deploy.
[info] 
[debug] [2025-01-25T03:33:15.699Z] Checked if tokens are valid: true, expires at: 1737777146235
[debug] [2025-01-25T03:33:15.699Z] Checked if tokens are valid: true, expires at: 1737777146235
[debug] [2025-01-25T03:33:15.699Z] Checked if tokens are valid: true, expires at: 1737777146235
[debug] [2025-01-25T03:33:15.699Z] Checked if tokens are valid: true, expires at: 1737777146235
[debug] [2025-01-25T03:33:15.699Z] >>> [apiv2][query] GET https://firestore.googleapis.com/v1/projects/code-1002a/databases/(default)/collectionGroups/-/indexes [none]
[debug] [2025-01-25T03:33:15.701Z] >>> [apiv2][query] GET https://firestore.googleapis.com/v1/projects/code-1002a/databases/(default)/collectionGroups/-/fields?filter=indexConfig.usesAncestorConfig=false OR ttlConfig:* [none]
[debug] [2025-01-25T03:33:15.979Z] <<< [apiv2][status] GET https://firestore.googleapis.com/v1/projects/code-1002a/databases/(default)/collectionGroups/-/indexes 200
[debug] [2025-01-25T03:33:15.979Z] <<< [apiv2][body] GET https://firestore.googleapis.com/v1/projects/code-1002a/databases/(default)/collectionGroups/-/indexes {}
[debug] [2025-01-25T03:33:16.181Z] <<< [apiv2][status] GET https://firestore.googleapis.com/v1/projects/code-1002a/databases/(default)/collectionGroups/-/fields?filter=indexConfig.usesAncestorConfig=false OR ttlConfig:* 200
[debug] [2025-01-25T03:33:16.181Z] <<< [apiv2][body] GET https://firestore.googleapis.com/v1/projects/code-1002a/databases/(default)/collectionGroups/-/fields?filter=indexConfig.usesAncestorConfig=false OR ttlConfig:* {"fields":[{"name":"projects/code-1002a/databases/(default)/collectionGroups/__default__/fields/*","indexConfig":{"indexes":[{"queryScope":"COLLECTION","fields":[{"fieldPath":"*","order":"ASCENDING"}],"state":"READY"},{"queryScope":"COLLECTION","fields":[{"fieldPath":"*","order":"DESCENDING"}],"state":"READY"},{"queryScope":"COLLECTION","fields":[{"fieldPath":"*","arrayConfig":"CONTAINS"}],"state":"READY"}]}}]}
[info] 
=== Hosting Setup
[debug] [2025-01-25T03:33:16.184Z] Checked if tokens are valid: true, expires at: 1737777146235
[debug] [2025-01-25T03:33:16.184Z] Checked if tokens are valid: true, expires at: 1737777146235
[debug] [2025-01-25T03:33:16.184Z] >>> [apiv2][query] GET https://firebase.googleapis.com/v1beta1/projects/code-1002a [none]
[debug] [2025-01-25T03:33:16.516Z] <<< [apiv2][status] GET https://firebase.googleapis.com/v1beta1/projects/code-1002a 200
[debug] [2025-01-25T03:33:16.516Z] <<< [apiv2][body] GET https://firebase.googleapis.com/v1beta1/projects/code-1002a {"projectId":"code-1002a","projectNumber":"432475893112","displayName":"code","name":"projects/code-1002a","resources":{"hostingSite":"code-1002a","realtimeDatabaseInstance":"code-1002a-default-rtdb"},"state":"ACTIVE","etag":"1_ab41cca3-23cb-42ee-b8ff-52969cd4d84d"}
[info] 
[info] Your public directory is the folder (relative to your project directory) that
[info] will contain Hosting assets to be uploaded with firebase deploy. If you
[info] have a build process for your assets, use your build's output directory.
[info] 
[debug] [2025-01-25T03:33:20.817Z] >>> [apiv2][query] GET https://www.gstatic.com/firebasejs/releases.json [none]
[debug] [2025-01-25T03:33:21.050Z] <<< [apiv2][status] GET https://www.gstatic.com/firebasejs/releases.json 200
[debug] [2025-01-25T03:33:21.050Z] <<< [apiv2][body] GET https://www.gstatic.com/firebasejs/releases.json {"current":{"version":"11.2.0","browserURL":"https://www.gstatic.com/firebasejs/11.2.0/firebase.js","packageURL":"https://www.gstatic.com/firebasejs/11.2.0/firebase.tgz"},"live":{"version":"11.2","browserURL":"https://www.gstatic.com/firebasejs/live/11.2/firebase.js","packageURL":"https://www.gstatic.com/firebasejs/live/11.2/firebase.tgz"},"components":{"analytics":"https://www.gstatic.com/firebasejs/11.2.0/firebase-analytics.js","app":"https://www.gstatic.com/firebasejs/11.2.0/firebase-app.js","app-check":"https://www.gstatic.com/firebasejs/11.2.0/firebase-app-check.js","auth":"https://www.gstatic.com/firebasejs/11.2.0/firebase-auth.js","auth/cordova":"https://www.gstatic.com/firebasejs/11.2.0/firebase-auth/cordova.js","auth/web-extension":"https://www.gstatic.com/firebasejs/11.2.0/firebase-auth/web-extension.js","functions":"https://www.gstatic.com/firebasejs/11.2.0/firebase-functions.js","firestore":"https://www.gstatic.com/firebasejs/11.2.0/firebase-firestore.js","firestore/lite":"https://www.gstatic.com/firebasejs/11.2.0/firebase-firestore/lite.js","installations":"https://www.gstatic.com/firebasejs/11.2.0/firebase-installations.js","storage":"https://www.gstatic.com/firebasejs/11.2.0/firebase-storage.js","performance":"https://www.gstatic.com/firebasejs/11.2.0/firebase-performance.js","remote-config":"https://www.gstatic.com/firebasejs/11.2.0/firebase-remote-config.js","messaging":"https://www.gstatic.com/firebasejs/11.2.0/firebase-messaging.js","messaging/sw":"https://www.gstatic.com/firebasejs/11.2.0/firebase-messaging/sw.js","database":"https://www.gstatic.com/firebasejs/11.2.0/firebase-database.js","vertexai":"https://www.gstatic.com/firebasejs/11.2.0/firebase-vertexai.js","data-connect":"https://www.gstatic.com/firebasejs/11.2.0/firebase-data-connect.js","firestore.memory":"https://www.gstatic.com/firebasejs/11.2.0/firebase-firestore.memory.js"}}
[info] +  Wrote public/index.html 
[info] 
[info] i  Detected a .git folder at C:\Users\kundz 
[info] i  Authorizing with GitHub to upload your service account to a GitHub repository's secrets store. 
[info] 
[info] Visit this URL on this device to log in:
[info] https://github.com/login/oauth/authorize?client_id=89cf50f02ac6aaed3484&state=336398732&redirect_uri=http%3A%2F%2Flocalhost%3A9005&scope=read%3Auser%20repo%20public_repo
[info] 
[info] Waiting for authentication...
[debug] [2025-01-25T03:33:21.526Z] >>> [apiv2][query] POST https://github.com/login/oauth/access_token [none]
[debug] [2025-01-25T03:33:21.527Z] >>> [apiv2][body] POST https://github.com/login/oauth/access_token [stream]
[debug] [2025-01-25T03:33:21.852Z] <<< [apiv2][status] POST https://github.com/login/oauth/access_token 200
[debug] [2025-01-25T03:33:21.853Z] <<< [apiv2][body] POST https://github.com/login/oauth/access_token {"access_token":"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","token_type":"bearer","scope":"read:user,repo"}
[debug] [2025-01-25T03:33:21.856Z] >>> [apiv2][query] GET https://api.github.com/user [none]
[debug] [2025-01-25T03:33:22.217Z] <<< [apiv2][status] GET https://api.github.com/user 200
[debug] [2025-01-25T03:33:22.217Z] <<< [apiv2][body] GET https://api.github.com/user {"login":"north1rn","id":112863089,"node_id":"U_kgDOBroncQ","avatar_url":"https://avatars.githubusercontent.com/u/112863089?v=4","gravatar_id":"","url":"https://api.github.com/users/north1rn","html_url":"https://github.com/north1rn","followers_url":"https://api.github.com/users/north1rn/followers","following_url":"https://api.github.com/users/north1rn/following{/other_user}","gists_url":"https://api.github.com/users/north1rn/gists{/gist_id}","starred_url":"https://api.github.com/users/north1rn/starred{/owner}{/repo}","subscriptions_url":"https://api.github.com/users/north1rn/subscriptions","organizations_url":"https://api.github.com/users/north1rn/orgs","repos_url":"https://api.github.com/users/north1rn/repos","events_url":"https://api.github.com/users/north1rn/events{/privacy}","received_events_url":"https://api.github.com/users/north1rn/received_events","type":"User","user_view_type":"private","site_admin":false,"name":null,"company":null,"blog":"","location":null,"email":null,"hireable":null,"bio":null,"twitter_username":null,"notification_email":null,"public_repos":10,"public_gists":0,"followers":0,"following":0,"created_at":"2022-09-05T09:53:36Z","updated_at":"2025-01-21T22:00:37Z","private_gists":0,"total_private_repos":0,"owned_private_repos":0,"disk_usage":494,"collaborators":0,"two_factor_authentication":false,"plan":{"name":"free","space":976562499,"collaborators":0,"private_repos":10000}}
[info] 
[info] +  Success! Logged into GitHub as north1rn 
[info] 
[debug] [2025-01-25T03:36:23.428Z] ----------------------------------------------------------------------
[debug] [2025-01-25T03:36:23.430Z] Command:       C:\Program Files\nodejs\node.exe C:\Users\kundz\AppData\Roaming\npm\node_modules\firebase-tools\lib\bin\firebase.js init
[debug] [2025-01-25T03:36:23.430Z] CLI Version:   13.29.2
[debug] [2025-01-25T03:36:23.430Z] Platform:      win32
[debug] [2025-01-25T03:36:23.430Z] Node Version:  v20.12.2
[debug] [2025-01-25T03:36:23.431Z] Time:          Sat Jan 25 2025 05:36:23 GMT+0200 (за східноєвропейським стандартним часом)
[debug] [2025-01-25T03:36:23.431Z] ----------------------------------------------------------------------
[debug] 
[debug] [2025-01-25T03:36:23.436Z] > command requires scopes: ["email","openid","https://www.googleapis.com/auth/cloudplatformprojects.readonly","https://www.googleapis.com/auth/firebase","https://www.googleapis.com/auth/cloud-platform"]
[debug] [2025-01-25T03:36:23.436Z] > authorizing via signed-in user (dist.zhenya@gmail.com)
[info] 
     ######## #### ########  ######## ########     ###     ######  ########
     ##        ##  ##     ## ##       ##     ##  ##   ##  ##       ##
     ######    ##  ########  ######   ########  #########  ######  ######
     ##        ##  ##    ##  ##       ##     ## ##     ##       ## ##
     ##       #### ##     ## ######## ########  ##     ##  ######  ########

You're about to initialize a Firebase project in this directory:

  C:\Users\kundz\OneDrive\Desktop\code

[info] 
=== Project Setup
[info] 
[info] First, let's associate this project directory with a Firebase project.
[info] You can create multiple project aliases by running firebase use --add, 
[info] but for now we'll just set up a default project.
[info] 
[debug] [2025-01-25T03:37:07.278Z] Checked if tokens are valid: true, expires at: 1737777146235
[debug] [2025-01-25T03:37:07.278Z] Checked if tokens are valid: true, expires at: 1737777146235
[debug] [2025-01-25T03:37:07.279Z] >>> [apiv2][query] GET https://firebase.googleapis.com/v1beta1/projects pageSize=100
[debug] [2025-01-25T03:37:07.819Z] <<< [apiv2][status] GET https://firebase.googleapis.com/v1beta1/projects 200
[debug] [2025-01-25T03:37:07.820Z] <<< [apiv2][body] GET https://firebase.googleapis.com/v1beta1/projects [omitted]
[info] i  Using project code-1002a (code) 
[info] 
=== Dataconnect Setup
[debug] [2025-01-25T03:37:08.961Z] Checked if tokens are valid: true, expires at: 1737777146235
[debug] [2025-01-25T03:37:08.961Z] Checked if tokens are valid: true, expires at: 1737777146235
[debug] [2025-01-25T03:37:08.961Z] >>> [apiv2][query] GET https://cloudbilling.googleapis.com/v1/projects/code-1002a/billingInfo [none]
[debug] [2025-01-25T03:37:09.723Z] <<< [apiv2][status] GET https://cloudbilling.googleapis.com/v1/projects/code-1002a/billingInfo 200
[debug] [2025-01-25T03:37:09.723Z] <<< [apiv2][body] GET https://cloudbilling.googleapis.com/v1/projects/code-1002a/billingInfo {"name":"projects/code-1002a/billingInfo","projectId":"code-1002a","billingAccountName":"","billingEnabled":false}
[info] i  dataconnect: ensuring required API sqladmin.googleapis.com is enabled... 
[debug] [2025-01-25T03:37:09.724Z] Checked if tokens are valid: true, expires at: 1737777146235
[debug] [2025-01-25T03:37:09.724Z] Checked if tokens are valid: true, expires at: 1737777146235
[debug] [2025-01-25T03:37:09.724Z] >>> [apiv2][query] GET https://serviceusage.googleapis.com/v1/projects/code-1002a/services/sqladmin.googleapis.com [none]
[debug] [2025-01-25T03:37:09.724Z] >>> [apiv2][(partial)header] GET https://serviceusage.googleapis.com/v1/projects/code-1002a/services/sqladmin.googleapis.com x-goog-quota-user=projects/code-1002a
[debug] [2025-01-25T03:37:10.665Z] <<< [apiv2][status] GET https://serviceusage.googleapis.com/v1/projects/code-1002a/services/sqladmin.googleapis.com 200
[debug] [2025-01-25T03:37:10.665Z] <<< [apiv2][body] GET https://serviceusage.googleapis.com/v1/projects/code-1002a/services/sqladmin.googleapis.com [omitted]
[info] +  dataconnect: required API sqladmin.googleapis.com is enabled 
[info] i  dataconnect\dataconnect.yaml is unchanged 
[info] i  dataconnect\schema\schema.gql is unchanged 
[info] i  dataconnect\connector\connector.yaml is unchanged 
[info] i  dataconnect\connector\queries.gql is unchanged 
[info] i  dataconnect\connector\mutations.gql is unchanged 
[info] i  If you'd like to add the generated SDK to your app your, run firebase init dataconnect:sdk 
[info] i  If you'd like to provision a CloudSQL Postgres instance on the Firebase Data Connect no-cost trial:
1. Please upgrade to the pay-as-you-go (Blaze) billing plan. Visit the following page:
     https://console.firebase.google.com/project/code-1002a/usage/details
2. Run firebase init dataconnect again to configure the Cloud SQL instance.
3. Run firebase deploy --only dataconnect to deploy your Data Connect service. 
[info] 
=== Firestore Setup
[debug] [2025-01-25T03:37:10.671Z] Checked if tokens are valid: true, expires at: 1737777146235
[debug] [2025-01-25T03:37:10.671Z] Checked if tokens are valid: true, expires at: 1737777146235
[debug] [2025-01-25T03:37:10.671Z] >>> [apiv2][query] GET https://serviceusage.googleapis.com/v1/projects/code-1002a/services/firestore.googleapis.com [none]
[debug] [2025-01-25T03:37:10.671Z] >>> [apiv2][(partial)header] GET https://serviceusage.googleapis.com/v1/projects/code-1002a/services/firestore.googleapis.com x-goog-quota-user=projects/code-1002a
[debug] [2025-01-25T03:37:11.561Z] <<< [apiv2][status] GET https://serviceusage.googleapis.com/v1/projects/code-1002a/services/firestore.googleapis.com 200
[debug] [2025-01-25T03:37:11.561Z] <<< [apiv2][body] GET https://serviceusage.googleapis.com/v1/projects/code-1002a/services/firestore.googleapis.com [omitted]
[debug] [2025-01-25T03:37:11.561Z] Checked if tokens are valid: true, expires at: 1737777146235
[debug] [2025-01-25T03:37:11.561Z] Checked if tokens are valid: true, expires at: 1737777146235
[debug] [2025-01-25T03:37:11.561Z] >>> [apiv2][query] GET https://firestore.googleapis.com/v1/projects/code-1002a/databases/(default) [none]
[debug] [2025-01-25T03:37:11.945Z] <<< [apiv2][status] GET https://firestore.googleapis.com/v1/projects/code-1002a/databases/(default) 200
[debug] [2025-01-25T03:37:11.945Z] <<< [apiv2][body] GET https://firestore.googleapis.com/v1/projects/code-1002a/databases/(default) {"name":"projects/code-1002a/databases/(default)","uid":"5e86578f-b668-4fbd-a874-89b90ecacade","createTime":"2025-01-25T03:26:56.403289Z","updateTime":"2025-01-25T03:26:56.403289Z","locationId":"eur3","type":"FIRESTORE_NATIVE","concurrencyMode":"PESSIMISTIC","versionRetentionPeriod":"3600s","earliestVersionTime":"2025-01-25T03:26:56.403289Z","appEngineIntegrationMode":"DISABLED","keyPrefix":"e","pointInTimeRecoveryEnablement":"POINT_IN_TIME_RECOVERY_DISABLED","deleteProtectionState":"DELETE_PROTECTION_DISABLED","databaseEdition":"STANDARD","etag":"IMq6n/j4j4sDMOXU54f4j4sD"}
[debug] [2025-01-25T03:37:11.945Z] database_type: FIRESTORE_NATIVE
[debug] [2025-01-25T03:37:11.945Z] database_type: FIRESTORE_NATIVE
[debug] [2025-01-25T03:37:11.945Z] > command requires scopes: ["email","openid","https://www.googleapis.com/auth/cloudplatformprojects.readonly","https://www.googleapis.com/auth/firebase","https://www.googleapis.com/auth/cloud-platform"]
[debug] [2025-01-25T03:37:11.945Z] > authorizing via signed-in user (dist.zhenya@gmail.com)
[debug] [2025-01-25T03:37:11.946Z] [iam] checking project code-1002a for permissions ["firebase.projects.get"]
[debug] [2025-01-25T03:37:11.946Z] Checked if tokens are valid: true, expires at: 1737777146235
[debug] [2025-01-25T03:37:11.946Z] Checked if tokens are valid: true, expires at: 1737777146235
[debug] [2025-01-25T03:37:11.946Z] >>> [apiv2][query] POST https://cloudresourcemanager.googleapis.com/v1/projects/code-1002a:testIamPermissions [none]
[debug] [2025-01-25T03:37:11.946Z] >>> [apiv2][(partial)header] POST https://cloudresourcemanager.googleapis.com/v1/projects/code-1002a:testIamPermissions x-goog-quota-user=projects/code-1002a
[debug] [2025-01-25T03:37:11.946Z] >>> [apiv2][body] POST https://cloudresourcemanager.googleapis.com/v1/projects/code-1002a:testIamPermissions {"permissions":["firebase.projects.get"]}
[debug] [2025-01-25T03:37:12.742Z] <<< [apiv2][status] POST https://cloudresourcemanager.googleapis.com/v1/projects/code-1002a:testIamPermissions 200
[debug] [2025-01-25T03:37:12.742Z] <<< [apiv2][body] POST https://cloudresourcemanager.googleapis.com/v1/projects/code-1002a:testIamPermissions {"permissions":["firebase.projects.get"]}
[info] 
[info] Firestore Security Rules allow you to define how and when to allow
[info] requests. You can keep these rules in your project directory
[info] and publish them with firebase deploy.
[info] 
[debug] [2025-01-25T03:37:36.390Z] Checked if tokens are valid: false, expires at: 1737777146235
[debug] [2025-01-25T03:37:36.390Z] Checked if tokens are valid: false, expires at: 1737777146235
[debug] [2025-01-25T03:37:36.390Z] > refreshing access token with scopes: []
[debug] [2025-01-25T03:37:36.391Z] >>> [apiv2][query] POST https://www.googleapis.com/oauth2/v3/token [none]
[debug] [2025-01-25T03:37:36.391Z] >>> [apiv2][body] POST https://www.googleapis.com/oauth2/v3/token [omitted]
[debug] [2025-01-25T03:37:36.567Z] <<< [apiv2][status] POST https://www.googleapis.com/oauth2/v3/token 200
[debug] [2025-01-25T03:37:36.567Z] <<< [apiv2][body] POST https://www.googleapis.com/oauth2/v3/token [omitted]
[debug] [2025-01-25T03:37:36.577Z] >>> [apiv2][query] GET https://firebaserules.googleapis.com/v1/projects/code-1002a/releases pageSize=10&pageToken=
[debug] [2025-01-25T03:37:37.353Z] <<< [apiv2][status] GET https://firebaserules.googleapis.com/v1/projects/code-1002a/releases 200
[debug] [2025-01-25T03:37:37.353Z] <<< [apiv2][body] GET https://firebaserules.googleapis.com/v1/projects/code-1002a/releases {"releases":[{"name":"projects/code-1002a/releases/cloud.firestore","rulesetName":"projects/code-1002a/rulesets/62993f7c-f4dc-4ff9-ad94-86760bf6df04","createTime":"2025-01-25T03:27:02.830195Z","updateTime":"2025-01-25T03:27:02.830195Z"}]}
[debug] [2025-01-25T03:37:37.354Z] Found ruleset: projects/code-1002a/rulesets/62993f7c-f4dc-4ff9-ad94-86760bf6df04
[debug] [2025-01-25T03:37:37.354Z] Checked if tokens are valid: true, expires at: 1737779855567
[debug] [2025-01-25T03:37:37.354Z] Checked if tokens are valid: true, expires at: 1737779855567
[debug] [2025-01-25T03:37:37.354Z] >>> [apiv2][query] GET https://firebaserules.googleapis.com/v1/projects/code-1002a/rulesets/62993f7c-f4dc-4ff9-ad94-86760bf6df04 [none]
[debug] [2025-01-25T03:37:38.057Z] <<< [apiv2][status] GET https://firebaserules.googleapis.com/v1/projects/code-1002a/rulesets/62993f7c-f4dc-4ff9-ad94-86760bf6df04 200
[debug] [2025-01-25T03:37:38.058Z] <<< [apiv2][body] GET https://firebaserules.googleapis.com/v1/projects/code-1002a/rulesets/62993f7c-f4dc-4ff9-ad94-86760bf6df04 [omitted]
[info] 
[info] Firestore indexes allow you to perform complex queries while
[info] maintaining performance that scales with the size of the result
[info] set. You can keep index definitions in your project directory
[info] and publish them with firebase deploy.
[info] 
[debug] [2025-01-25T03:37:44.010Z] Checked if tokens are valid: true, expires at: 1737779855567
[debug] [2025-01-25T03:37:44.011Z] Checked if tokens are valid: true, expires at: 1737779855567
[debug] [2025-01-25T03:37:44.011Z] Checked if tokens are valid: true, expires at: 1737779855567
[debug] [2025-01-25T03:37:44.011Z] Checked if tokens are valid: true, expires at: 1737779855567
[debug] [2025-01-25T03:37:44.011Z] >>> [apiv2][query] GET https://firestore.googleapis.com/v1/projects/code-1002a/databases/(default)/collectionGroups/-/indexes [none]
[debug] [2025-01-25T03:37:44.012Z] >>> [apiv2][query] GET https://firestore.googleapis.com/v1/projects/code-1002a/databases/(default)/collectionGroups/-/fields?filter=indexConfig.usesAncestorConfig=false OR ttlConfig:* [none]
[debug] [2025-01-25T03:37:44.296Z] <<< [apiv2][status] GET https://firestore.googleapis.com/v1/projects/code-1002a/databases/(default)/collectionGroups/-/fields?filter=indexConfig.usesAncestorConfig=false OR ttlConfig:* 200
[debug] [2025-01-25T03:37:44.296Z] <<< [apiv2][body] GET https://firestore.googleapis.com/v1/projects/code-1002a/databases/(default)/collectionGroups/-/fields?filter=indexConfig.usesAncestorConfig=false OR ttlConfig:* {"fields":[{"name":"projects/code-1002a/databases/(default)/collectionGroups/__default__/fields/*","indexConfig":{"indexes":[{"queryScope":"COLLECTION","fields":[{"fieldPath":"*","order":"ASCENDING"}],"state":"READY"},{"queryScope":"COLLECTION","fields":[{"fieldPath":"*","order":"DESCENDING"}],"state":"READY"},{"queryScope":"COLLECTION","fields":[{"fieldPath":"*","arrayConfig":"CONTAINS"}],"state":"READY"}]}}]}
[debug] [2025-01-25T03:37:44.298Z] <<< [apiv2][status] GET https://firestore.googleapis.com/v1/projects/code-1002a/databases/(default)/collectionGroups/-/indexes 200
[debug] [2025-01-25T03:37:44.298Z] <<< [apiv2][body] GET https://firestore.googleapis.com/v1/projects/code-1002a/databases/(default)/collectionGroups/-/indexes {}
[info] 
=== Hosting Setup
[debug] [2025-01-25T03:37:44.299Z] Checked if tokens are valid: true, expires at: 1737779855567
[debug] [2025-01-25T03:37:44.299Z] Checked if tokens are valid: true, expires at: 1737779855567
[debug] [2025-01-25T03:37:44.300Z] >>> [apiv2][query] GET https://firebase.googleapis.com/v1beta1/projects/code-1002a [none]
[debug] [2025-01-25T03:37:44.631Z] <<< [apiv2][status] GET https://firebase.googleapis.com/v1beta1/projects/code-1002a 200
[debug] [2025-01-25T03:37:44.631Z] <<< [apiv2][body] GET https://firebase.googleapis.com/v1beta1/projects/code-1002a {"projectId":"code-1002a","projectNumber":"432475893112","displayName":"code","name":"projects/code-1002a","resources":{"hostingSite":"code-1002a","realtimeDatabaseInstance":"code-1002a-default-rtdb"},"state":"ACTIVE","etag":"1_ab41cca3-23cb-42ee-b8ff-52969cd4d84d"}
[info] 
[info] Your public directory is the folder (relative to your project directory) that
[info] will contain Hosting assets to be uploaded with firebase deploy. If you
[info] have a build process for your assets, use your build's output directory.
[info] 
[debug] [2025-01-25T03:37:47.974Z] >>> [apiv2][query] GET https://www.gstatic.com/firebasejs/releases.json [none]
[debug] [2025-01-25T03:37:48.164Z] <<< [apiv2][status] GET https://www.gstatic.com/firebasejs/releases.json 200
[debug] [2025-01-25T03:37:48.164Z] <<< [apiv2][body] GET https://www.gstatic.com/firebasejs/releases.json {"current":{"version":"11.2.0","browserURL":"https://www.gstatic.com/firebasejs/11.2.0/firebase.js","packageURL":"https://www.gstatic.com/firebasejs/11.2.0/firebase.tgz"},"live":{"version":"11.2","browserURL":"https://www.gstatic.com/firebasejs/live/11.2/firebase.js","packageURL":"https://www.gstatic.com/firebasejs/live/11.2/firebase.tgz"},"components":{"analytics":"https://www.gstatic.com/firebasejs/11.2.0/firebase-analytics.js","app":"https://www.gstatic.com/firebasejs/11.2.0/firebase-app.js","app-check":"https://www.gstatic.com/firebasejs/11.2.0/firebase-app-check.js","auth":"https://www.gstatic.com/firebasejs/11.2.0/firebase-auth.js","auth/cordova":"https://www.gstatic.com/firebasejs/11.2.0/firebase-auth/cordova.js","auth/web-extension":"https://www.gstatic.com/firebasejs/11.2.0/firebase-auth/web-extension.js","functions":"https://www.gstatic.com/firebasejs/11.2.0/firebase-functions.js","firestore":"https://www.gstatic.com/firebasejs/11.2.0/firebase-firestore.js","firestore/lite":"https://www.gstatic.com/firebasejs/11.2.0/firebase-firestore/lite.js","installations":"https://www.gstatic.com/firebasejs/11.2.0/firebase-installations.js","storage":"https://www.gstatic.com/firebasejs/11.2.0/firebase-storage.js","performance":"https://www.gstatic.com/firebasejs/11.2.0/firebase-performance.js","remote-config":"https://www.gstatic.com/firebasejs/11.2.0/firebase-remote-config.js","messaging":"https://www.gstatic.com/firebasejs/11.2.0/firebase-messaging.js","messaging/sw":"https://www.gstatic.com/firebasejs/11.2.0/firebase-messaging/sw.js","database":"https://www.gstatic.com/firebasejs/11.2.0/firebase-database.js","vertexai":"https://www.gstatic.com/firebasejs/11.2.0/firebase-vertexai.js","data-connect":"https://www.gstatic.com/firebasejs/11.2.0/firebase-data-connect.js","firestore.memory":"https://www.gstatic.com/firebasejs/11.2.0/firebase-firestore.memory.js"}}
[info] i  public/index.html is unchanged 
[info] 
[info] i  Detected a .git folder at C:\Users\kundz 
[info] i  Authorizing with GitHub to upload your service account to a GitHub repository's secrets store. 
[info] 
[info] Visit this URL on this device to log in:
[info] https://github.com/login/oauth/authorize?client_id=89cf50f02ac6aaed3484&state=163063937&redirect_uri=http%3A%2F%2Flocalhost%3A9005&scope=read%3Auser%20repo%20public_repo
[info] 
[info] Waiting for authentication...
[debug] [2025-01-25T03:37:48.500Z] >>> [apiv2][query] POST https://github.com/login/oauth/access_token [none]
[debug] [2025-01-25T03:37:48.500Z] >>> [apiv2][body] POST https://github.com/login/oauth/access_token [stream]
[debug] [2025-01-25T03:37:48.799Z] <<< [apiv2][status] POST https://github.com/login/oauth/access_token 200
[debug] [2025-01-25T03:37:48.799Z] <<< [apiv2][body] POST https://github.com/login/oauth/access_token {"access_token":"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","token_type":"bearer","scope":"read:user,repo"}
[debug] [2025-01-25T03:37:48.802Z] >>> [apiv2][query] GET https://api.github.com/user [none]
[debug] [2025-01-25T03:37:49.124Z] <<< [apiv2][status] GET https://api.github.com/user 200
[debug] [2025-01-25T03:37:49.124Z] <<< [apiv2][body] GET https://api.github.com/user {"login":"north1rn","id":112863089,"node_id":"U_kgDOBroncQ","avatar_url":"https://avatars.githubusercontent.com/u/112863089?v=4","gravatar_id":"","url":"https://api.github.com/users/north1rn","html_url":"https://github.com/north1rn","followers_url":"https://api.github.com/users/north1rn/followers","following_url":"https://api.github.com/users/north1rn/following{/other_user}","gists_url":"https://api.github.com/users/north1rn/gists{/gist_id}","starred_url":"https://api.github.com/users/north1rn/starred{/owner}{/repo}","subscriptions_url":"https://api.github.com/users/north1rn/subscriptions","organizations_url":"https://api.github.com/users/north1rn/orgs","repos_url":"https://api.github.com/users/north1rn/repos","events_url":"https://api.github.com/users/north1rn/events{/privacy}","received_events_url":"https://api.github.com/users/north1rn/received_events","type":"User","user_view_type":"private","site_admin":false,"name":null,"company":null,"blog":"","location":null,"email":null,"hireable":null,"bio":null,"twitter_username":null,"notification_email":null,"public_repos":11,"public_gists":0,"followers":0,"following":0,"created_at":"2022-09-05T09:53:36Z","updated_at":"2025-01-21T22:00:37Z","private_gists":0,"total_private_repos":0,"owned_private_repos":0,"disk_usage":494,"collaborators":0,"two_factor_authentication":false,"plan":{"name":"free","space":976562499,"collaborators":0,"private_repos":10000}}
[info] 
[info] +  Success! Logged into GitHub as north1rn 
[info] 
